<?xml version="1.0" encoding="UTF-8"?>
<!-- Generated by org.testng.reporters.JUnitXMLReporter -->
<testsuite ignored="0" hostname="MwdWo" failures="1" tests="85" name="MainTests" time="3280.766" errors="0" timestamp="2025-08-25T07:46:50 AST">
  <testcase classname="com.falak.qa.tests.HomePageTC" name="TC01_testHomeButtonRedirect" time="0.249"/>
  <testcase classname="com.falak.qa.tests.HomePageTC" name="TC02_testAboutFalakButtonRedirect" time="0.823"/>
  <testcase classname="com.falak.qa.tests.HomePageTC" name="TC03_testCorporaButtonRedirect" time="0.745"/>
  <testcase classname="com.falak.qa.tests.HomePageTC" name="TC04_testVoicewallButtonRedirect" time="3.098"/>
  <testcase classname="com.falak.qa.tests.HomePageTC" name="TC05_testFrequencyListsButtonRedirect" time="0.722"/>
  <testcase classname="com.falak.qa.tests.HomePageTC" name="TC06_testDevelopersButtonRedirect" time="1.227"/>
  <testcase classname="com.falak.qa.tests.HomePageTC" name="TC07_testContactUsButtonRedirect" time="0.749"/>
  <testcase classname="com.falak.qa.tests.HomePageTC" name="TC08_testCorporaCard" time="0.755"/>
  <testcase classname="com.falak.qa.tests.HomePageTC" name="TC09_testToolsCard" time="0.394"/>
  <testcase classname="com.falak.qa.tests.HomePageTC" name="TC10_testFeatureCard" time="0.207"/>
  <testcase classname="com.falak.qa.tests.HomePageTC" name="TC11_testaddCorporaCard" time="0.689"/>
  <testcase classname="com.falak.qa.tests.HomePageTC" name="TC12_testRegistrationSection" time="0.727"/>
  <testcase classname="com.falak.qa.tests.HomePageTC" name="TC13_testNumberOfCorporaContentCard" time="0.053"/>
  <testcase classname="com.falak.qa.tests.HomePageTC" name="TC14_verifyEachCorporaCard_HasCompleteData" time="2.575"/>
  <testcase classname="com.falak.qa.tests.HomePageTC" name="TC15_verifyHoverEffectOnAllCorporaCards" time="2.004"/>
  <testcase classname="com.falak.qa.tests.HomePageTC" name="TC16_verifySelectButtonsRedirect_AllCards" time="7.518"/>
  <testcase classname="com.falak.qa.tests.HomePageTC" name="TC17_verifyMoreLinksRedirect_AllCards" time="6.606"/>
  <testcase classname="com.falak.qa.tests.HomePageTC" name="TC18_testMoreCorporaButton" time="1.646"/>
  <testcase classname="com.falak.qa.tests.HomePageTC" name="TC19_verifyCorporaOfMonthSection" time="0.659"/>
  <testcase classname="com.falak.qa.tests.HomePageTC" name="TC20_verifyCorporaOfMonthCard_HasCompleteData" time="1.148"/>
  <testcase classname="com.falak.qa.tests.HomePageTC" name="TC21_verifyHoverEffectOnBlogOfMonthCard" time="0.838"/>
  <testcase classname="com.falak.qa.tests.HomePageTC" name="TC22_verifyToolsSection" time="0.178"/>
  <testcase classname="com.falak.qa.tests.HomePageTC" name="TC23_verifyEachToolCardElements" time="1.434"/>
  <testcase classname="com.falak.qa.tests.HomePageTC" name="TC24_verifyHoverEffectOnAllDetailsButtons" time="5.629"/>
  <testcase classname="com.falak.qa.tests.HomePageTC" name="TC25_verifyToolDetailsModal_AllCards" time="275.128"/>
  <testcase classname="com.falak.qa.tests.HomePageTC" name="TC26_verifyVideoAutoPlayInEachToolModal" time="285.188"/>
  <testcase classname="com.falak.qa.tests.HomePageTC" name="TC27_verifyModalVerticalScroll_AllCards" time="271.71"/>
  <testcase classname="com.falak.qa.tests.HomePageTC" name="TC28_verifyModalCloseButton_AllCards" time="401.84"/>
  <testcase classname="com.falak.qa.tests.HomePageTC" name="TC29_verifyFeaturesSectionVisibility" time="0.131"/>
  <testcase classname="com.falak.qa.tests.HomePageTC" name="TC30_verifyFeatureCardsVisualsAndTitles" time="0.898"/>
  <testcase classname="com.falak.qa.tests.HomePageTC" name="TC31_verifyHoverEffectOnEachFeatureCard" time="1.424"/>
  <testcase classname="com.falak.qa.tests.HomePageTC" name="TC32_verifyFalakInNumbersSectionVisibility" time="0.264"/>
  <testcase classname="com.falak.qa.tests.HomePageTC" name="TC33_verifyFalakStatsImageIsDisplayedCorrectly" time="0.147"/>
  <testcase classname="com.falak.qa.tests.HomePageTC" name="TC34_verifyScrollToTopButtonFunctionality" time="0.461"/>
  <testcase classname="com.falak.qa.tests.ConcordancerToolTC" name="TC01_openConcordancerToolFromHomePage" time="3.464"/>
  <testcase classname="com.falak.qa.tests.ConcordancerToolTC" name="TC02_verifyConcordancerToolTitleFromDirectURL" time="2.023"/>
  <testcase classname="com.falak.qa.tests.ConcordancerToolTC" name="TC03_verifyInfoPopupInConcordancerTool" time="3.248"/>
  <testcase classname="com.falak.qa.tests.ConcordancerToolTC" name="TC04_verifyInfoPopupCanBeClosed" time="12.566"/>
  <testcase classname="com.falak.qa.tests.ConcordancerToolTC" name="TC05_verifySearchFunctionalityWithValidInput" time="30.179"/>
  <testcase classname="com.falak.qa.tests.ConcordancerToolTC" name="TC06_verifyVirtualKeyboardTyping" time="2.428"/>
  <testcase classname="com.falak.qa.tests.ConcordancerToolTC" name="TC07_verifyExportButtonFunctionality" time="37.823"/>
  <testcase classname="com.falak.qa.tests.ConcordancerToolTC" name="TC08_verifyDomainFilterAffectsResults" time="36.208"/>
  <testcase classname="com.falak.qa.tests.ConcordancerToolTC" name="TC09_verifyTopicFilterAffectsResults" time="38.402"/>
  <testcase classname="com.falak.qa.tests.ConcordancerToolTC" name="TC10_verifyPlaceFilterAffectsResults" time="38.169"/>
  <testcase classname="com.falak.qa.tests.ConcordancerToolTC" name="TC11_verifyTimeFilterAffectsResults" time="40.131"/>
  <testcase classname="com.falak.qa.tests.ConcordancerToolTC" name="TC12_verifyContainerFilterAffectsResults" time="40.344"/>
  <testcase classname="com.falak.qa.tests.ConcordancerToolTC" name="TC13_verifyCopyFunctionalityInResults" time="35.371"/>
  <testcase classname="com.falak.qa.tests.ConcordancerToolTC" name="TC14_verifyDetailsPopupFunctionality" time="44.655"/>
  <testcase classname="com.falak.qa.tests.ConcordancerToolTC" name="TC15_verifyResultsTableHasData" time="34.586"/>
  <testcase classname="com.falak.qa.tests.ConcordancerToolTC" name="TC16_verifySortableColumnsFunctionality" time="87.181"/>
  <testcase classname="com.falak.qa.tests.ConcordancerToolTC" name="TC17_verifyPaginationControlsAreVisible" time="34.381"/>
  <testcase classname="com.falak.qa.tests.ConcordancerToolTC" name="TC18_verifyNavigationToSpecificPage" time="34.954"/>
  <testcase classname="com.falak.qa.tests.ConcordancerToolTC" name="TC19_verifyHighlightedCurrentPageNumber" time="34.803"/>
  <testcase classname="com.falak.qa.tests.ConcordancerToolTC" name="TC20_verifyResultsPerPageDropdown" time="36.705"/>
  <testcase classname="com.falak.qa.tests.ConcordancerToolTC" name="TC21_verifyPaginationResetAfterChangingResultsPerPage" time="35.87"/>
  <testcase classname="com.falak.qa.tests.NGramsToolTC" name="TC01_openNGramsToolFromHomePage" time="4.536"/>
  <testcase classname="com.falak.qa.tests.NGramsToolTC" name="TC02_verifyToolTitleIsDisplayedCorrectly" time="1.087"/>
  <testcase classname="com.falak.qa.tests.NGramsToolTC" name="TC03_verifyInfoPopupInNGramsTool" time="2.771"/>
  <testcase classname="com.falak.qa.tests.NGramsToolTC" name="TC04_verifyInfoPopupCanBeClosed" time="12.802"/>
  <testcase classname="com.falak.qa.tests.NGramsToolTC" name="TC05_verifyFilteredResultsMatchSelectedWordCount" time="23.217"/>
  <testcase classname="com.falak.qa.tests.NGramsToolTC" name="TC06_verifyMinFreqIncrementDecrementViaJS" time="22.609"/>
  <testcase classname="com.falak.qa.tests.NGramsToolTC" name="TC07_verifyMaxFreqIncrementDecrementViaJS" time="22.99"/>
  <testcase classname="com.falak.qa.tests.NGramsToolTC" name="TC08_verifyDoesNotContainFilter" time="23.014"/>
  <testcase classname="com.falak.qa.tests.NGramsToolTC" name="TC09_verifyContainsFilter" time="53.669"/>
  <testcase classname="com.falak.qa.tests.NGramsToolTC" name="TC10_verifyStartsWithFilter" time="67.978"/>
  <testcase classname="com.falak.qa.tests.NGramsToolTC" name="TC11_verifyEndsWithFilter" time="86.661"/>
  <testcase classname="com.falak.qa.tests.NGramsToolTC" name="TC12_verifyExportWithApiParity" time="82.647"/>
  <testcase classname="com.falak.qa.tests.NGramsToolTC" name="TC13_verifyExcludePunctuationFilter" time="38.769">
    <failure type="java.lang.AssertionError" message="الخدمة أعادت خطأ شبكة: status=500 url=https://falak.ksaa.gov.sa/api/tools/ngram/babe4d42-221a-4fc1-8ce9-03bd3fa92dc1?n=2&amp;amp;limit=1000&amp;amp;pageNumber=0&amp;amp;minFreq=2&amp;amp;maxFreq=500000&amp;amp;excludeWords=&amp;amp;containWords=&amp;amp;startWithWords=&amp;amp;endWithWords=%D8%A7%D9%84%D8%B3%D9%8A%D8%A7%D8%B1%D8%A9&amp;amp;excludeRegex=true type=2212.434">
      <![CDATA[java.lang.AssertionError: الخدمة أعادت خطأ شبكة: status=500 url=https://falak.ksaa.gov.sa/api/tools/ngram/babe4d42-221a-4fc1-8ce9-03bd3fa92dc1?n=2&limit=1000&pageNumber=0&minFreq=2&maxFreq=500000&excludeWords=&containWords=&startWithWords=&endWithWords=%D8%A7%D9%84%D8%B3%D9%8A%D8%A7%D8%B1%D8%A9&excludeRegex=true type=2212.434
at com.falak.qa.tests.NGramsToolTC.TC13_verifyExcludePunctuationFilter(NGramsToolTC.java:1391)
at java.base/java.util.ArrayList.forEach(ArrayList.java:1596)
... Removed 26 stack frames]]>
    </failure>
  </testcase> <!-- TC13_verifyExcludePunctuationFilter -->
  <testcase classname="com.falak.qa.tests.NGramsToolTC" name="TC14_verifyNGramsExportDownload" time="34.191"/>
  <testcase classname="com.falak.qa.tests.NGramsToolTC" name="TC15_verifyNGramsPaginationControlsVisible" time="2.145"/>
  <testcase classname="com.falak.qa.tests.NGramsToolTC" name="TC16_verifyNGramsDefaultResultsPerPage" time="1.657"/>
  <testcase classname="com.falak.qa.tests.NGramsToolTC" name="TC17_verifyNavigationToNextPage" time="1.873"/>
  <testcase classname="com.falak.qa.tests.NGramsToolTC" name="TC18_verifyNavigationToPreviousPage" time="2.058"/>
  <testcase classname="com.falak.qa.tests.NGramsToolTC" name="TC19_verifyNavigationToSpecificPage" time="1.803"/>
  <testcase classname="com.falak.qa.tests.NGramsToolTC" name="TC20_verifyHighlightedCurrentPageNumber" time="1.776"/>
  <testcase classname="com.falak.qa.tests.NGramsToolTC" name="TC21_verifyNGramsResultsPerPageDropdown" time="4.041"/>
  <testcase classname="com.falak.qa.tests.NGramsToolTC" name="TC22_verifyNGramsPaginationResetAfterChangingResultsPerPage" time="22.529"/>
  <testcase classname="com.falak.qa.tests.NGramsToolTC" name="TC23_verifyResultsTableDisplaysDataOnValidSearch" time="11.636"/>
  <testcase classname="com.falak.qa.tests.NGramsToolTC" name="TC24_verifySortableColumnsFunctionality" time="2.708"/>
  <testcase classname="com.falak.qa.tests.NGramsToolTC" name="TC25_verifyFilterPopupAppearsForEachColumn" time="22.244"/>
  <testcase classname="com.falak.qa.tests.NGramsToolTC" name="TC26_verifyFilterMatchTypeOptions" time="22.832"/>
  <testcase classname="com.falak.qa.tests.NGramsToolTC" name="TC27_verifyNumericFilterMatchTypeOptions_forFrequency" time="22.848"/>
  <testcase classname="com.falak.qa.tests.NGramsToolTC" name="TC28_verifyFilterConditionAppliesCorrectly" time="22.979"/>
  <testcase classname="com.falak.qa.tests.NGramsToolTC" name="TC29_verifyAddingMultipleFilterConditionsInSameColumn" time="44.702"/>
  <testcase classname="com.falak.qa.tests.NGramsToolTC" name="TC30_verifyChangingPageSizeWhileFilterActive" time="25.754"/>
</testsuite> <!-- MainTests -->
